<?xml version="1.0" encoding="UTF-8"?>
<testsuite name="com.example.android.SimpleCalcTest.CalculatorTest" tests="17" skipped="0" failures="0" errors="0" timestamp="2022-03-25T14:36:16" hostname="DESKTOP-0CQG1KM" time="0.005">
  <properties/>
  <testcase name="SecondZero" classname="com.example.android.SimpleCalcTest.CalculatorTest" time="0.001"/>
  <testcase name="addTwoNumbers" classname="com.example.android.SimpleCalcTest.CalculatorTest" time="0.0"/>
  <testcase name="FirstZeroSecondNegative" classname="com.example.android.SimpleCalcTest.CalculatorTest" time="0.0"/>
  <testcase name="subTwoNumbers" classname="com.example.android.SimpleCalcTest.CalculatorTest" time="0.0"/>
  <testcase name="addTwoNumbersBignums" classname="com.example.android.SimpleCalcTest.CalculatorTest" time="0.0"/>
  <testcase name="powSecondNegative" classname="com.example.android.SimpleCalcTest.CalculatorTest" time="0.0"/>
  <testcase name="addTwoNumbersNegative" classname="com.example.android.SimpleCalcTest.CalculatorTest" time="0.0"/>
  <testcase name="powFirstZeroSecondPositive" classname="com.example.android.SimpleCalcTest.CalculatorTest" time="0.0"/>
  <testcase name="mulTwoNumbers" classname="com.example.android.SimpleCalcTest.CalculatorTest" time="0.0"/>
  <testcase name="subWorksWithNegativeResult" classname="com.example.android.SimpleCalcTest.CalculatorTest" time="0.0"/>
  <testcase name="powPositiveInteger" classname="com.example.android.SimpleCalcTest.CalculatorTest" time="0.0"/>
  <testcase name="divTwoNumbers" classname="com.example.android.SimpleCalcTest.CalculatorTest" time="0.0"/>
  <testcase name="addTwoNumbersFloats" classname="com.example.android.SimpleCalcTest.CalculatorTest" time="0.0"/>
  <testcase name="FirstNegativeZeroSecondNegative" classname="com.example.android.SimpleCalcTest.CalculatorTest" time="0.001"/>
  <testcase name="divByZeroThrows" classname="com.example.android.SimpleCalcTest.CalculatorTest" time="0.0"/>
  <testcase name="addTwoNumbersWorksWithNegativeResult" classname="com.example.android.SimpleCalcTest.CalculatorTest" time="0.001"/>
  <testcase name="powFirstNegative" classname="com.example.android.SimpleCalcTest.CalculatorTest" time="0.0"/>
  <system-out><![CDATA[]]></system-out>
  <system-err><![CDATA[]]></system-err>
</testsuite>
